{"/home/sumrid/go/src/github.com/sumrid/my-fabric/api/src/controller.js": {"path":"/home/sumrid/go/src/github.com/sumrid/my-fabric/api/src/controller.js","statementMap":{"0":{"start":{"line":1,"column":16},"end":{"line":1,"column":36}},"1":{"start":{"line":3,"column":0},"end":{"line":19,"column":1}},"2":{"start":{"line":5,"column":19},"end":{"line":5,"column":43}},"3":{"start":{"line":8,"column":4},"end":{"line":11,"column":5}},"4":{"start":{"line":9,"column":8},"end":{"line":9,"column":30}},"5":{"start":{"line":10,"column":8},"end":{"line":10,"column":22}},"6":{"start":{"line":14,"column":14},"end":{"line":17,"column":5}},"7":{"start":{"line":18,"column":4},"end":{"line":18,"column":15}},"8":{"start":{"line":21,"column":0},"end":{"line":30,"column":1}},"9":{"start":{"line":22,"column":19},"end":{"line":22,"column":58}},"10":{"start":{"line":25,"column":4},"end":{"line":28,"column":5}},"11":{"start":{"line":26,"column":8},"end":{"line":26,"column":30}},"12":{"start":{"line":27,"column":8},"end":{"line":27,"column":22}},"13":{"start":{"line":29,"column":4},"end":{"line":29,"column":18}},"14":{"start":{"line":32,"column":0},"end":{"line":35,"column":1}},"15":{"start":{"line":33,"column":19},"end":{"line":33,"column":64}},"16":{"start":{"line":34,"column":4},"end":{"line":34,"column":18}},"17":{"start":{"line":37,"column":0},"end":{"line":47,"column":1}},"18":{"start":{"line":38,"column":19},"end":{"line":38,"column":89}},"19":{"start":{"line":41,"column":4},"end":{"line":44,"column":5}},"20":{"start":{"line":42,"column":8},"end":{"line":42,"column":30}},"21":{"start":{"line":43,"column":8},"end":{"line":43,"column":22}},"22":{"start":{"line":46,"column":4},"end":{"line":46,"column":38}},"23":{"start":{"line":49,"column":0},"end":{"line":56,"column":1}},"24":{"start":{"line":50,"column":4},"end":{"line":55,"column":5}},"25":{"start":{"line":51,"column":23},"end":{"line":51,"column":57}},"26":{"start":{"line":52,"column":8},"end":{"line":52,"column":42}},"27":{"start":{"line":54,"column":8},"end":{"line":54,"column":18}},"28":{"start":{"line":61,"column":0},"end":{"line":68,"column":1}},"29":{"start":{"line":62,"column":4},"end":{"line":67,"column":5}},"30":{"start":{"line":63,"column":21},"end":{"line":63,"column":41}},"31":{"start":{"line":64,"column":8},"end":{"line":64,"column":20}},"32":{"start":{"line":66,"column":8},"end":{"line":66,"column":18}},"33":{"start":{"line":70,"column":0},"end":{"line":77,"column":1}},"34":{"start":{"line":71,"column":4},"end":{"line":76,"column":5}},"35":{"start":{"line":72,"column":23},"end":{"line":72,"column":50}},"36":{"start":{"line":73,"column":8},"end":{"line":73,"column":42}},"37":{"start":{"line":75,"column":8},"end":{"line":75,"column":18}}},"fnMap":{"0":{"name":"(anonymous_0)","decl":{"start":{"line":3,"column":16},"end":{"line":3,"column":17}},"loc":{"start":{"line":3,"column":29},"end":{"line":19,"column":1}},"line":3},"1":{"name":"(anonymous_1)","decl":{"start":{"line":21,"column":19},"end":{"line":21,"column":20}},"loc":{"start":{"line":21,"column":50},"end":{"line":30,"column":1}},"line":21},"2":{"name":"(anonymous_2)","decl":{"start":{"line":32,"column":14},"end":{"line":32,"column":15}},"loc":{"start":{"line":32,"column":35},"end":{"line":35,"column":1}},"line":32},"3":{"name":"(anonymous_3)","decl":{"start":{"line":37,"column":21},"end":{"line":37,"column":22}},"loc":{"start":{"line":37,"column":37},"end":{"line":47,"column":1}},"line":37},"4":{"name":"(anonymous_4)","decl":{"start":{"line":49,"column":23},"end":{"line":49,"column":24}},"loc":{"start":{"line":49,"column":41},"end":{"line":56,"column":1}},"line":49},"5":{"name":"(anonymous_5)","decl":{"start":{"line":61,"column":15},"end":{"line":61,"column":16}},"loc":{"start":{"line":61,"column":27},"end":{"line":68,"column":1}},"line":61},"6":{"name":"(anonymous_6)","decl":{"start":{"line":70,"column":17},"end":{"line":70,"column":18}},"loc":{"start":{"line":70,"column":34},"end":{"line":77,"column":1}},"line":70}},"branchMap":{"0":{"loc":{"start":{"line":8,"column":4},"end":{"line":11,"column":5}},"type":"if","locations":[{"start":{"line":8,"column":4},"end":{"line":11,"column":5}},{"start":{"line":8,"column":4},"end":{"line":11,"column":5}}],"line":8},"1":{"loc":{"start":{"line":21,"column":36},"end":{"line":21,"column":45}},"type":"default-arg","locations":[{"start":{"line":21,"column":44},"end":{"line":21,"column":45}}],"line":21},"2":{"loc":{"start":{"line":25,"column":4},"end":{"line":28,"column":5}},"type":"if","locations":[{"start":{"line":25,"column":4},"end":{"line":28,"column":5}},{"start":{"line":25,"column":4},"end":{"line":28,"column":5}}],"line":25},"3":{"loc":{"start":{"line":41,"column":4},"end":{"line":44,"column":5}},"type":"if","locations":[{"start":{"line":41,"column":4},"end":{"line":44,"column":5}},{"start":{"line":41,"column":4},"end":{"line":44,"column":5}}],"line":41}},"s":{"0":1,"1":1,"2":1,"3":1,"4":0,"5":0,"6":1,"7":1,"8":1,"9":0,"10":0,"11":0,"12":0,"13":0,"14":1,"15":0,"16":0,"17":1,"18":1,"19":1,"20":0,"21":0,"22":1,"23":1,"24":1,"25":1,"26":1,"27":0,"28":1,"29":0,"30":0,"31":0,"32":0,"33":1,"34":0,"35":0,"36":0,"37":0},"f":{"0":1,"1":0,"2":0,"3":1,"4":1,"5":0,"6":0},"b":{"0":[0,1],"1":[0],"2":[0,0],"3":[0,1]},"_coverageSchema":"43e27e138ebf9cfc5966b082cf9a028302ed4184","hash":"73e0db3c75edc7c104c944da09785f7abdefe6a1"}
,"/home/sumrid/go/src/github.com/sumrid/my-fabric/api/src/service.js": {"path":"/home/sumrid/go/src/github.com/sumrid/my-fabric/api/src/service.js","statementMap":{"0":{"start":{"line":1,"column":38},"end":{"line":1,"column":63}},"1":{"start":{"line":2,"column":11},"end":{"line":2,"column":24}},"2":{"start":{"line":3,"column":13},"end":{"line":3,"column":28}},"3":{"start":{"line":6,"column":16},"end":{"line":6,"column":64}},"4":{"start":{"line":7,"column":16},"end":{"line":7,"column":48}},"5":{"start":{"line":8,"column":12},"end":{"line":8,"column":31}},"6":{"start":{"line":12,"column":19},"end":{"line":12,"column":49}},"7":{"start":{"line":13,"column":15},"end":{"line":13,"column":47}},"8":{"start":{"line":14,"column":0},"end":{"line":14,"column":42}},"9":{"start":{"line":16,"column":13},"end":{"line":16,"column":20}},"10":{"start":{"line":17,"column":17},"end":{"line":17,"column":24}},"11":{"start":{"line":18,"column":20},"end":{"line":18,"column":28}},"12":{"start":{"line":19,"column":23},"end":{"line":19,"column":35}},"13":{"start":{"line":20,"column":25},"end":{"line":20,"column":39}},"14":{"start":{"line":21,"column":16},"end":{"line":21,"column":22}},"15":{"start":{"line":22,"column":16},"end":{"line":22,"column":29}},"16":{"start":{"line":23,"column":17},"end":{"line":23,"column":23}},"17":{"start":{"line":26,"column":4},"end":{"line":42,"column":5}},"18":{"start":{"line":28,"column":27},"end":{"line":28,"column":52}},"19":{"start":{"line":29,"column":8},"end":{"line":33,"column":9}},"20":{"start":{"line":30,"column":12},"end":{"line":30,"column":89}},"21":{"start":{"line":31,"column":12},"end":{"line":31,"column":79}},"22":{"start":{"line":32,"column":12},"end":{"line":32,"column":19}},"23":{"start":{"line":36,"column":24},"end":{"line":36,"column":37}},"24":{"start":{"line":37,"column":8},"end":{"line":37,"column":94}},"25":{"start":{"line":38,"column":8},"end":{"line":38,"column":23}},"26":{"start":{"line":40,"column":8},"end":{"line":40,"column":66}},"27":{"start":{"line":41,"column":8},"end":{"line":41,"column":18}},"28":{"start":{"line":47,"column":4},"end":{"line":56,"column":5}},"29":{"start":{"line":48,"column":24},"end":{"line":48,"column":46}},"30":{"start":{"line":50,"column":24},"end":{"line":50,"column":57}},"31":{"start":{"line":52,"column":8},"end":{"line":52,"column":45}},"32":{"start":{"line":54,"column":8},"end":{"line":54,"column":66}},"33":{"start":{"line":55,"column":8},"end":{"line":55,"column":20}},"34":{"start":{"line":60,"column":4},"end":{"line":66,"column":5}},"35":{"start":{"line":61,"column":24},"end":{"line":61,"column":46}},"36":{"start":{"line":62,"column":24},"end":{"line":62,"column":61}},"37":{"start":{"line":63,"column":8},"end":{"line":63,"column":36}},"38":{"start":{"line":72,"column":0},"end":{"line":82,"column":1}},"39":{"start":{"line":73,"column":4},"end":{"line":80,"column":5}},"40":{"start":{"line":74,"column":25},"end":{"line":74,"column":48}},"41":{"start":{"line":75,"column":23},"end":{"line":75,"column":72}},"42":{"start":{"line":76,"column":8},"end":{"line":76,"column":22}},"43":{"start":{"line":78,"column":8},"end":{"line":78,"column":27}},"44":{"start":{"line":79,"column":8},"end":{"line":79,"column":19}},"45":{"start":{"line":84,"column":0},"end":{"line":93,"column":1}},"46":{"start":{"line":85,"column":4},"end":{"line":92,"column":5}},"47":{"start":{"line":86,"column":25},"end":{"line":86,"column":48}},"48":{"start":{"line":87,"column":23},"end":{"line":87,"column":86}},"49":{"start":{"line":88,"column":8},"end":{"line":88,"column":22}},"50":{"start":{"line":90,"column":8},"end":{"line":90,"column":27}},"51":{"start":{"line":91,"column":8},"end":{"line":91,"column":19}},"52":{"start":{"line":95,"column":0},"end":{"line":104,"column":1}},"53":{"start":{"line":96,"column":4},"end":{"line":103,"column":5}},"54":{"start":{"line":97,"column":25},"end":{"line":97,"column":48}},"55":{"start":{"line":98,"column":23},"end":{"line":98,"column":112}},"56":{"start":{"line":99,"column":8},"end":{"line":99,"column":22}},"57":{"start":{"line":101,"column":8},"end":{"line":101,"column":27}},"58":{"start":{"line":102,"column":8},"end":{"line":102,"column":19}},"59":{"start":{"line":106,"column":0},"end":{"line":115,"column":1}},"60":{"start":{"line":107,"column":4},"end":{"line":114,"column":5}},"61":{"start":{"line":108,"column":25},"end":{"line":108,"column":48}},"62":{"start":{"line":109,"column":23},"end":{"line":109,"column":97}},"63":{"start":{"line":110,"column":8},"end":{"line":110,"column":22}},"64":{"start":{"line":112,"column":8},"end":{"line":112,"column":27}},"65":{"start":{"line":113,"column":8},"end":{"line":113,"column":19}},"66":{"start":{"line":117,"column":0},"end":{"line":126,"column":1}},"67":{"start":{"line":118,"column":4},"end":{"line":125,"column":5}},"68":{"start":{"line":119,"column":25},"end":{"line":119,"column":48}},"69":{"start":{"line":120,"column":23},"end":{"line":120,"column":120}},"70":{"start":{"line":121,"column":8},"end":{"line":121,"column":22}},"71":{"start":{"line":123,"column":8},"end":{"line":123,"column":27}},"72":{"start":{"line":124,"column":8},"end":{"line":124,"column":18}},"73":{"start":{"line":131,"column":0},"end":{"line":218,"column":1}},"74":{"start":{"line":132,"column":4},"end":{"line":217,"column":5}},"75":{"start":{"line":134,"column":24},"end":{"line":134,"column":46}},"76":{"start":{"line":135,"column":24},"end":{"line":135,"column":57}},"77":{"start":{"line":136,"column":24},"end":{"line":136,"column":44}},"78":{"start":{"line":137,"column":23},"end":{"line":137,"column":42}},"79":{"start":{"line":140,"column":21},"end":{"line":140,"column":46}},"80":{"start":{"line":141,"column":28},"end":{"line":141,"column":51}},"81":{"start":{"line":142,"column":24},"end":{"line":149,"column":9}},"82":{"start":{"line":152,"column":24},"end":{"line":152,"column":70}},"83":{"start":{"line":155,"column":32},"end":{"line":155,"column":42}},"84":{"start":{"line":156,"column":23},"end":{"line":156,"column":33}},"85":{"start":{"line":157,"column":29},"end":{"line":157,"column":34}},"86":{"start":{"line":158,"column":8},"end":{"line":163,"column":9}},"87":{"start":{"line":159,"column":12},"end":{"line":159,"column":34}},"88":{"start":{"line":160,"column":12},"end":{"line":160,"column":57}},"89":{"start":{"line":162,"column":12},"end":{"line":162,"column":58}},"90":{"start":{"line":166,"column":8},"end":{"line":211,"column":9}},"91":{"start":{"line":167,"column":27},"end":{"line":167,"column":29}},"92":{"start":{"line":171,"column":28},"end":{"line":171,"column":63}},"93":{"start":{"line":172,"column":12},"end":{"line":197,"column":15}},"94":{"start":{"line":173,"column":16},"end":{"line":173,"column":38}},"95":{"start":{"line":174,"column":35},"end":{"line":194,"column":18}},"96":{"start":{"line":176,"column":24},"end":{"line":176,"column":54}},"97":{"start":{"line":177,"column":24},"end":{"line":177,"column":64}},"98":{"start":{"line":178,"column":24},"end":{"line":178,"column":46}},"99":{"start":{"line":179,"column":24},"end":{"line":179,"column":33}},"100":{"start":{"line":181,"column":39},"end":{"line":181,"column":69}},"101":{"start":{"line":185,"column":20},"end":{"line":191,"column":23}},"102":{"start":{"line":186,"column":24},"end":{"line":186,"column":51}},"103":{"start":{"line":187,"column":24},"end":{"line":187,"column":64}},"104":{"start":{"line":189,"column":24},"end":{"line":189,"column":74}},"105":{"start":{"line":190,"column":24},"end":{"line":190,"column":45}},"106":{"start":{"line":193,"column":20},"end":{"line":193,"column":39}},"107":{"start":{"line":196,"column":16},"end":{"line":196,"column":44}},"108":{"start":{"line":200,"column":30},"end":{"line":204,"column":13}},"109":{"start":{"line":205,"column":32},"end":{"line":205,"column":66}},"110":{"start":{"line":206,"column":12},"end":{"line":206,"column":39}},"111":{"start":{"line":208,"column":12},"end":{"line":208,"column":41}},"112":{"start":{"line":210,"column":12},"end":{"line":210,"column":72}},"113":{"start":{"line":215,"column":8},"end":{"line":215,"column":27}},"114":{"start":{"line":216,"column":8},"end":{"line":216,"column":18}},"115":{"start":{"line":221,"column":0},"end":{"line":230,"column":1}},"116":{"start":{"line":222,"column":4},"end":{"line":229,"column":5}},"117":{"start":{"line":223,"column":25},"end":{"line":223,"column":48}},"118":{"start":{"line":224,"column":23},"end":{"line":224,"column":80}},"119":{"start":{"line":225,"column":8},"end":{"line":225,"column":22}},"120":{"start":{"line":227,"column":8},"end":{"line":227,"column":27}},"121":{"start":{"line":228,"column":8},"end":{"line":228,"column":18}}},"fnMap":{"0":{"name":"getGateway","decl":{"start":{"line":25,"column":15},"end":{"line":25,"column":25}},"loc":{"start":{"line":25,"column":32},"end":{"line":43,"column":1}},"line":25},"1":{"name":"getContract","decl":{"start":{"line":46,"column":15},"end":{"line":46,"column":26}},"loc":{"start":{"line":46,"column":33},"end":{"line":57,"column":1}},"line":46},"2":{"name":"getChannel","decl":{"start":{"line":59,"column":15},"end":{"line":59,"column":25}},"loc":{"start":{"line":59,"column":45},"end":{"line":67,"column":1}},"line":59},"3":{"name":"(anonymous_3)","decl":{"start":{"line":72,"column":16},"end":{"line":72,"column":17}},"loc":{"start":{"line":72,"column":31},"end":{"line":82,"column":1}},"line":72},"4":{"name":"(anonymous_4)","decl":{"start":{"line":84,"column":19},"end":{"line":84,"column":20}},"loc":{"start":{"line":84,"column":47},"end":{"line":93,"column":1}},"line":84},"5":{"name":"(anonymous_5)","decl":{"start":{"line":95,"column":14},"end":{"line":95,"column":15}},"loc":{"start":{"line":95,"column":38},"end":{"line":104,"column":1}},"line":95},"6":{"name":"(anonymous_6)","decl":{"start":{"line":106,"column":21},"end":{"line":106,"column":22}},"loc":{"start":{"line":106,"column":65},"end":{"line":115,"column":1}},"line":106},"7":{"name":"(anonymous_7)","decl":{"start":{"line":117,"column":23},"end":{"line":117,"column":24}},"loc":{"start":{"line":117,"column":41},"end":{"line":126,"column":1}},"line":117},"8":{"name":"(anonymous_8)","decl":{"start":{"line":131,"column":15},"end":{"line":131,"column":16}},"loc":{"start":{"line":131,"column":27},"end":{"line":218,"column":1}},"line":131},"9":{"name":"(anonymous_9)","decl":{"start":{"line":172,"column":30},"end":{"line":172,"column":31}},"loc":{"start":{"line":172,"column":44},"end":{"line":197,"column":13}},"line":172},"10":{"name":"(anonymous_10)","decl":{"start":{"line":174,"column":47},"end":{"line":174,"column":48}},"loc":{"start":{"line":174,"column":68},"end":{"line":194,"column":17}},"line":174},"11":{"name":"whenTimeout","decl":{"start":{"line":175,"column":29},"end":{"line":175,"column":40}},"loc":{"start":{"line":175,"column":43},"end":{"line":180,"column":21}},"line":175},"12":{"name":"(anonymous_12)","decl":{"start":{"line":185,"column":58},"end":{"line":185,"column":59}},"loc":{"start":{"line":185,"column":75},"end":{"line":191,"column":21}},"line":185},"13":{"name":"(anonymous_13)","decl":{"start":{"line":221,"column":17},"end":{"line":221,"column":18}},"loc":{"start":{"line":221,"column":40},"end":{"line":230,"column":1}},"line":221}},"branchMap":{"0":{"loc":{"start":{"line":29,"column":8},"end":{"line":33,"column":9}},"type":"if","locations":[{"start":{"line":29,"column":8},"end":{"line":33,"column":9}},{"start":{"line":29,"column":8},"end":{"line":33,"column":9}}],"line":29},"1":{"loc":{"start":{"line":106,"column":46},"end":{"line":106,"column":60}},"type":"default-arg","locations":[{"start":{"line":106,"column":55},"end":{"line":106,"column":60}}],"line":106},"2":{"loc":{"start":{"line":158,"column":8},"end":{"line":163,"column":9}},"type":"if","locations":[{"start":{"line":158,"column":8},"end":{"line":163,"column":9}},{"start":{"line":158,"column":8},"end":{"line":163,"column":9}}],"line":158},"3":{"loc":{"start":{"line":158,"column":12},"end":{"line":158,"column":110}},"type":"binary-expr","locations":[{"start":{"line":158,"column":12},"end":{"line":158,"column":29}},{"start":{"line":158,"column":33},"end":{"line":158,"column":62}},{"start":{"line":158,"column":66},"end":{"line":158,"column":110}}],"line":158},"4":{"loc":{"start":{"line":166,"column":8},"end":{"line":211,"column":9}},"type":"if","locations":[{"start":{"line":166,"column":8},"end":{"line":211,"column":9}},{"start":{"line":166,"column":8},"end":{"line":211,"column":9}}],"line":166}},"s":{"0":1,"1":1,"2":1,"3":1,"4":1,"5":1,"6":1,"7":1,"8":1,"9":1,"10":1,"11":1,"12":1,"13":1,"14":1,"15":1,"16":1,"17":0,"18":0,"19":0,"20":0,"21":0,"22":0,"23":0,"24":0,"25":0,"26":0,"27":0,"28":0,"29":0,"30":0,"31":0,"32":0,"33":0,"34":0,"35":0,"36":0,"37":0,"38":1,"39":0,"40":0,"41":0,"42":0,"43":0,"44":0,"45":1,"46":0,"47":0,"48":0,"49":0,"50":0,"51":0,"52":1,"53":0,"54":0,"55":0,"56":0,"57":0,"58":0,"59":1,"60":0,"61":0,"62":0,"63":0,"64":0,"65":0,"66":1,"67":0,"68":0,"69":0,"70":0,"71":0,"72":0,"73":1,"74":0,"75":0,"76":0,"77":0,"78":0,"79":0,"80":0,"81":0,"82":0,"83":0,"84":0,"85":0,"86":0,"87":0,"88":0,"89":0,"90":0,"91":0,"92":0,"93":0,"94":0,"95":0,"96":0,"97":0,"98":0,"99":0,"100":0,"101":0,"102":0,"103":0,"104":0,"105":0,"106":0,"107":0,"108":0,"109":0,"110":0,"111":0,"112":0,"113":0,"114":0,"115":1,"116":0,"117":0,"118":0,"119":0,"120":0,"121":0},"f":{"0":0,"1":0,"2":0,"3":0,"4":0,"5":0,"6":0,"7":0,"8":0,"9":0,"10":0,"11":0,"12":0,"13":0},"b":{"0":[0,0],"1":[0],"2":[0,0],"3":[0,0,0],"4":[0,0]},"_coverageSchema":"43e27e138ebf9cfc5966b082cf9a028302ed4184","hash":"596fb640e8b27ed0d30723ac1e57a5b1ec65ea75"}
}
