TN:
SF:/home/sumrid/go/src/github.com/sumrid/my-fabric/api/src/controller.js
FN:3,(anonymous_0)
FN:21,(anonymous_1)
FN:32,(anonymous_2)
FN:37,(anonymous_3)
FN:49,(anonymous_4)
FN:61,(anonymous_5)
FN:70,(anonymous_6)
FNF:7
FNH:3
FNDA:1,(anonymous_0)
FNDA:0,(anonymous_1)
FNDA:0,(anonymous_2)
FNDA:1,(anonymous_3)
FNDA:1,(anonymous_4)
FNDA:0,(anonymous_5)
FNDA:0,(anonymous_6)
DA:1,1
DA:3,1
DA:5,1
DA:8,1
DA:9,0
DA:10,0
DA:14,1
DA:18,1
DA:21,1
DA:22,0
DA:25,0
DA:26,0
DA:27,0
DA:29,0
DA:32,1
DA:33,0
DA:34,0
DA:37,1
DA:38,1
DA:41,1
DA:42,0
DA:43,0
DA:46,1
DA:49,1
DA:50,1
DA:51,1
DA:52,1
DA:54,0
DA:61,1
DA:62,0
DA:63,0
DA:64,0
DA:66,0
DA:70,1
DA:71,0
DA:72,0
DA:73,0
DA:75,0
LF:38
LH:18
BRDA:8,0,0,0
BRDA:8,0,1,1
BRDA:21,1,0,0
BRDA:25,2,0,0
BRDA:25,2,1,0
BRDA:41,3,0,0
BRDA:41,3,1,1
BRF:7
BRH:2
end_of_record
TN:
SF:/home/sumrid/go/src/github.com/sumrid/my-fabric/api/src/service.js
FN:25,getGateway
FN:46,getContract
FN:59,getChannel
FN:72,(anonymous_3)
FN:84,(anonymous_4)
FN:95,(anonymous_5)
FN:106,(anonymous_6)
FN:117,(anonymous_7)
FN:131,(anonymous_8)
FN:172,(anonymous_9)
FN:174,(anonymous_10)
FN:175,whenTimeout
FN:185,(anonymous_12)
FN:221,(anonymous_13)
FNF:14
FNH:0
FNDA:0,getGateway
FNDA:0,getContract
FNDA:0,getChannel
FNDA:0,(anonymous_3)
FNDA:0,(anonymous_4)
FNDA:0,(anonymous_5)
FNDA:0,(anonymous_6)
FNDA:0,(anonymous_7)
FNDA:0,(anonymous_8)
FNDA:0,(anonymous_9)
FNDA:0,(anonymous_10)
FNDA:0,whenTimeout
FNDA:0,(anonymous_12)
FNDA:0,(anonymous_13)
DA:1,1
DA:2,1
DA:3,1
DA:6,1
DA:7,1
DA:8,1
DA:12,1
DA:13,1
DA:14,1
DA:16,1
DA:17,1
DA:18,1
DA:19,1
DA:20,1
DA:21,1
DA:22,1
DA:23,1
DA:26,0
DA:28,0
DA:29,0
DA:30,0
DA:31,0
DA:32,0
DA:36,0
DA:37,0
DA:38,0
DA:40,0
DA:41,0
DA:47,0
DA:48,0
DA:50,0
DA:52,0
DA:54,0
DA:55,0
DA:60,0
DA:61,0
DA:62,0
DA:63,0
DA:72,1
DA:73,0
DA:74,0
DA:75,0
DA:76,0
DA:78,0
DA:79,0
DA:84,1
DA:85,0
DA:86,0
DA:87,0
DA:88,0
DA:90,0
DA:91,0
DA:95,1
DA:96,0
DA:97,0
DA:98,0
DA:99,0
DA:101,0
DA:102,0
DA:106,1
DA:107,0
DA:108,0
DA:109,0
DA:110,0
DA:112,0
DA:113,0
DA:117,1
DA:118,0
DA:119,0
DA:120,0
DA:121,0
DA:123,0
DA:124,0
DA:131,1
DA:132,0
DA:134,0
DA:135,0
DA:136,0
DA:137,0
DA:140,0
DA:141,0
DA:142,0
DA:152,0
DA:155,0
DA:156,0
DA:157,0
DA:158,0
DA:159,0
DA:160,0
DA:162,0
DA:166,0
DA:167,0
DA:171,0
DA:172,0
DA:173,0
DA:174,0
DA:176,0
DA:177,0
DA:178,0
DA:179,0
DA:181,0
DA:185,0
DA:186,0
DA:187,0
DA:189,0
DA:190,0
DA:193,0
DA:196,0
DA:200,0
DA:205,0
DA:206,0
DA:208,0
DA:210,0
DA:215,0
DA:216,0
DA:221,1
DA:222,0
DA:223,0
DA:224,0
DA:225,0
DA:227,0
DA:228,0
LF:122
LH:24
BRDA:29,0,0,0
BRDA:29,0,1,0
BRDA:106,1,0,0
BRDA:158,2,0,0
BRDA:158,2,1,0
BRDA:158,3,0,0
BRDA:158,3,1,0
BRDA:158,3,2,0
BRDA:166,4,0,0
BRDA:166,4,1,0
BRF:10
BRH:0
end_of_record
